time="2025-06-07T23:56:36+05:30" level=info msg="Setting log level to DEBUG for detailed request logging"
time="2025-06-07T23:56:36+05:30" level=info msg="Connecting to database (attempt 1/5)..."
time="2025-06-07T23:56:36+05:30" level=info msg="Successfully connected to database"
time="2025-06-07T23:56:36+05:30" level=info msg="Checking if migrations need to be run..."
time="2025-06-07T23:56:36+05:30" level=info msg="Skipping migrations - last run 9h38m14s ago"
time="2025-06-07T23:56:36+05:30" level=info msg="Running custom migrations..."
time="2025-06-07T23:56:37+05:30" level=info msg="Resource usage migration completed successfully"
time="2025-06-07T23:56:37+05:30" level=info msg="IP address migration completed successfully"
time="2025-06-07T23:56:37+05:30" level=info msg="Verifying database schema..."
time="2025-06-07T23:56:37+05:30" level=info msg="Users table verified"
time="2025-06-07T23:56:37+05:30" level=info msg="DisablePayments: true, Environment: development"
time="2025-06-07T23:56:37+05:30" level=info msg="Development mode detected, creating development user..."
time="2025-06-07T23:56:37+05:30" level=info msg="Created default logger for db package"
time="2025-06-07T23:56:37+05:30" level=info msg="Creating development user if needed"
time="2025-06-07T23:56:38+05:30" level=info msg="User already exists" user_id=f2814e7b-75a0-44d4-b345-e5ef5a84aab3
time="2025-06-07T23:56:38+05:30" level=info msg="Development user created or verified successfully"
time="2025-06-07T23:56:38+05:30" level=info msg="Database initialized successfully"
time="2025-06-07T23:56:38+05:30" level=info msg="Initializing Docker client..."
time="2025-06-07T23:56:38+05:30" level=info msg="Docker client initialized successfully"
time="2025-06-07T23:56:38+05:30" level=info msg="Found 20 running containers"
time="2025-06-07T23:56:38+05:30" level=info msg="CORS origins loaded from environment: [http://localhost:3000 https://launch-stack.srvr.site https://dev.srvr.site]"
[GIN-debug] [WARNING] Creating an Engine instance with the Logger and Recovery middleware already attached.

[GIN-debug] [WARNING] Running in "debug" mode. Switch to "release" mode in production.
 - using env:	export GIN_MODE=release
 - using code:	gin.SetMode(gin.ReleaseMode)

time="2025-06-07T23:56:38+05:30" level=info msg="Server configuration for middleware" disable_payments=true environment=development
time="2025-06-07T23:56:38+05:30" level=info msg="Debug middleware configuration before registering routes" CORSMiddleware=true ContainerManager=true ContextMiddleware=true
[GIN-debug] POST   /api/auth/webhook         --> github.com/launchstack/backend/routes.RegisterAuthRoutes.func1 (6 handlers)
[GIN-debug] POST   /api/v1/auth/webhook      --> github.com/launchstack/backend/routes.RegisterAuthRoutes.ClerkWebhookHandler.func2 (6 handlers)
[GIN-debug] POST   /api/v1/auth/webhook/     --> github.com/launchstack/backend/routes.RegisterAuthRoutes.ClerkWebhookHandler.func3 (6 handlers)
[GIN-debug] GET    /api/instances            --> github.com/launchstack/backend/routes.RegisterInstanceRoutes.func1 (6 handlers)
[GIN-debug] POST   /api/instances            --> github.com/launchstack/backend/routes.RegisterInstanceRoutes.func2 (6 handlers)
[GIN-debug] GET    /api/instances/:id        --> github.com/launchstack/backend/routes.RegisterInstanceRoutes.func3 (6 handlers)
[GIN-debug] DELETE /api/instances/:id        --> github.com/launchstack/backend/routes.RegisterInstanceRoutes.func4 (6 handlers)
[GIN-debug] POST   /api/instances/:id/start  --> github.com/launchstack/backend/routes.RegisterInstanceRoutes.func5 (6 handlers)
[GIN-debug] POST   /api/instances/:id/stop   --> github.com/launchstack/backend/routes.RegisterInstanceRoutes.func6 (6 handlers)
[GIN-debug] POST   /api/instances/:id/restart --> github.com/launchstack/backend/routes.RegisterInstanceRoutes.func7 (6 handlers)
[GIN-debug] GET    /api/instances/:id/stats  --> github.com/launchstack/backend/routes.RegisterInstanceRoutes.func8 (6 handlers)
[GIN-debug] GET    /api/v1/instances         --> github.com/launchstack/backend/routes.RegisterInstanceRoutes.GetInstances.func10 (7 handlers)
[GIN-debug] GET    /api/v1/instances/        --> github.com/launchstack/backend/routes.RegisterInstanceRoutes.GetInstances.func11 (7 handlers)
[GIN-debug] POST   /api/v1/instances         --> github.com/launchstack/backend/routes.RegisterInstanceRoutes.CreateInstance.func12 (7 handlers)
[GIN-debug] POST   /api/v1/instances/        --> github.com/launchstack/backend/routes.RegisterInstanceRoutes.CreateInstance.func13 (7 handlers)
[GIN-debug] GET    /api/v1/instances/:id     --> github.com/launchstack/backend/routes.RegisterInstanceRoutes.GetInstance.func14 (7 handlers)
[GIN-debug] GET    /api/v1/instances/:id/    --> github.com/launchstack/backend/routes.RegisterInstanceRoutes.GetInstance.func15 (7 handlers)
[GIN-debug] DELETE /api/v1/instances/:id     --> github.com/launchstack/backend/routes.RegisterInstanceRoutes.DeleteInstance.func16 (7 handlers)
[GIN-debug] DELETE /api/v1/instances/:id/    --> github.com/launchstack/backend/routes.RegisterInstanceRoutes.DeleteInstance.func17 (7 handlers)
[GIN-debug] POST   /api/v1/instances/:id/start --> github.com/launchstack/backend/routes.RegisterInstanceRoutes.StartInstance.func18 (7 handlers)
[GIN-debug] POST   /api/v1/instances/:id/start/ --> github.com/launchstack/backend/routes.RegisterInstanceRoutes.StartInstance.func19 (7 handlers)
[GIN-debug] POST   /api/v1/instances/:id/stop --> github.com/launchstack/backend/routes.RegisterInstanceRoutes.StopInstance.func20 (7 handlers)
[GIN-debug] POST   /api/v1/instances/:id/stop/ --> github.com/launchstack/backend/routes.RegisterInstanceRoutes.StopInstance.func21 (7 handlers)
[GIN-debug] POST   /api/v1/instances/:id/restart --> github.com/launchstack/backend/routes.RegisterInstanceRoutes.RestartInstance.func22 (7 handlers)
[GIN-debug] POST   /api/v1/instances/:id/restart/ --> github.com/launchstack/backend/routes.RegisterInstanceRoutes.RestartInstance.func23 (7 handlers)
[GIN-debug] GET    /api/v1/instances/:id/stats --> github.com/launchstack/backend/routes.RegisterInstanceRoutes.GetInstanceStats.func24 (7 handlers)
[GIN-debug] GET    /api/v1/instances/:id/stats/ --> github.com/launchstack/backend/routes.RegisterInstanceRoutes.GetInstanceStats.func25 (7 handlers)
[GIN-debug] GET    /api/users/me             --> github.com/launchstack/backend/routes.RegisterUserRoutes.func1 (6 handlers)
[GIN-debug] PUT    /api/users/me             --> github.com/launchstack/backend/routes.RegisterUserRoutes.func2 (6 handlers)
[GIN-debug] GET    /api/v1/users/me          --> github.com/launchstack/backend/routes.GetCurrentUserHandler (6 handlers)
[GIN-debug] GET    /api/v1/users/me/         --> github.com/launchstack/backend/routes.GetCurrentUserHandler (6 handlers)
[GIN-debug] PUT    /api/v1/users/me          --> github.com/launchstack/backend/routes.UpdateCurrentUserHandler (6 handlers)
[GIN-debug] PUT    /api/v1/users/me/         --> github.com/launchstack/backend/routes.UpdateCurrentUserHandler (6 handlers)
[GIN-debug] GET    /health                   --> github.com/launchstack/backend/routes.RegisterAllRoutes.func1 (6 handlers)
[GIN-debug] GET    /api/v1/health            --> github.com/launchstack/backend/routes.RegisterAllRoutes.HealthCheckHandler.func2 (6 handlers)
[GIN-debug] GET    /api/v1/health/           --> github.com/launchstack/backend/routes.RegisterAllRoutes.HealthCheckHandler.func3 (6 handlers)
time="2025-06-07T23:56:38+05:30" level=info msg="Registering mock payment routes for development mode"
time="2025-06-07T23:56:38+05:30" level=info msg="Registering mock payment routes for development mode"
[GIN-debug] GET    /api/v1/payments          --> github.com/launchstack/backend/routes.MockGetPayments (7 handlers)
[GIN-debug] GET    /api/v1/payments/         --> github.com/launchstack/backend/routes.MockGetPayments (7 handlers)
[GIN-debug] POST   /api/v1/payments/checkout --> github.com/launchstack/backend/routes.MockCreateCheckoutSession (7 handlers)
[GIN-debug] POST   /api/v1/payments/checkout/ --> github.com/launchstack/backend/routes.MockCreateCheckoutSession (7 handlers)
[GIN-debug] GET    /api/v1/payments/subscriptions --> github.com/launchstack/backend/routes.MockGetSubscriptions (7 handlers)
[GIN-debug] GET    /api/v1/payments/subscriptions/ --> github.com/launchstack/backend/routes.MockGetSubscriptions (7 handlers)
[GIN-debug] POST   /api/v1/payments/subscriptions/:id/cancel --> github.com/launchstack/backend/routes.MockCancelSubscription (7 handlers)
[GIN-debug] POST   /api/v1/payments/subscriptions/:id/cancel/ --> github.com/launchstack/backend/routes.MockCancelSubscription (7 handlers)
[GIN-debug] POST   /api/v1/webhooks/paypal   --> github.com/launchstack/backend/routes.MockPayPalWebhook (6 handlers)
[GIN-debug] POST   /api/v1/webhooks/paypal/  --> github.com/launchstack/backend/routes.MockPayPalWebhook (6 handlers)
time="2025-06-07T23:56:38+05:30" level=info msg="Mock payment routes registered successfully"
time="2025-06-07T23:56:38+05:30" level=info msg="Registered route: POST /api/v1/instances"
time="2025-06-07T23:56:38+05:30" level=info msg="Registered route: POST /api/v1/instances/"
time="2025-06-07T23:56:38+05:30" level=info msg="Registered route: POST /api/v1/instances/:id/start"
time="2025-06-07T23:56:38+05:30" level=info msg="Registered route: POST /api/v1/instances/:id/start/"
time="2025-06-07T23:56:38+05:30" level=info msg="Registered route: POST /api/v1/instances/:id/stop"
time="2025-06-07T23:56:38+05:30" level=info msg="Registered route: POST /api/v1/instances/:id/stop/"
time="2025-06-07T23:56:38+05:30" level=info msg="Registered route: POST /api/v1/instances/:id/restart"
time="2025-06-07T23:56:38+05:30" level=info msg="Registered route: POST /api/v1/instances/:id/restart/"
time="2025-06-07T23:56:38+05:30" level=info msg="Registered route: POST /api/v1/payments/checkout"
time="2025-06-07T23:56:38+05:30" level=info msg="Registered route: POST /api/v1/payments/checkout/"
time="2025-06-07T23:56:38+05:30" level=info msg="Registered route: POST /api/v1/payments/subscriptions/:id/cancel"
time="2025-06-07T23:56:38+05:30" level=info msg="Registered route: POST /api/v1/payments/subscriptions/:id/cancel/"
time="2025-06-07T23:56:38+05:30" level=info msg="Registered route: POST /api/v1/auth/webhook"
time="2025-06-07T23:56:38+05:30" level=info msg="Registered route: POST /api/v1/auth/webhook/"
time="2025-06-07T23:56:38+05:30" level=info msg="Registered route: POST /api/v1/webhooks/paypal"
time="2025-06-07T23:56:38+05:30" level=info msg="Registered route: POST /api/v1/webhooks/paypal/"
time="2025-06-07T23:56:38+05:30" level=info msg="Registered route: POST /api/instances"
time="2025-06-07T23:56:38+05:30" level=info msg="Registered route: POST /api/instances/:id/start"
time="2025-06-07T23:56:38+05:30" level=info msg="Registered route: POST /api/instances/:id/stop"
time="2025-06-07T23:56:38+05:30" level=info msg="Registered route: POST /api/instances/:id/restart"
time="2025-06-07T23:56:38+05:30" level=info msg="Registered route: POST /api/auth/webhook"
time="2025-06-07T23:56:38+05:30" level=info msg="Registered route: GET /api/v1/instances"
time="2025-06-07T23:56:38+05:30" level=info msg="Registered route: GET /api/v1/instances/"
time="2025-06-07T23:56:38+05:30" level=info msg="Registered route: GET /api/v1/instances/:id"
time="2025-06-07T23:56:38+05:30" level=info msg="Registered route: GET /api/v1/instances/:id/"
time="2025-06-07T23:56:38+05:30" level=info msg="Registered route: GET /api/v1/instances/:id/stats"
time="2025-06-07T23:56:38+05:30" level=info msg="Registered route: GET /api/v1/instances/:id/stats/"
time="2025-06-07T23:56:38+05:30" level=info msg="Registered route: GET /api/v1/payments"
time="2025-06-07T23:56:38+05:30" level=info msg="Registered route: GET /api/v1/payments/"
time="2025-06-07T23:56:38+05:30" level=info msg="Registered route: GET /api/v1/payments/subscriptions"
time="2025-06-07T23:56:38+05:30" level=info msg="Registered route: GET /api/v1/payments/subscriptions/"
time="2025-06-07T23:56:38+05:30" level=info msg="Registered route: GET /api/v1/users/me"
time="2025-06-07T23:56:38+05:30" level=info msg="Registered route: GET /api/v1/users/me/"
time="2025-06-07T23:56:38+05:30" level=info msg="Registered route: GET /api/v1/health"
time="2025-06-07T23:56:38+05:30" level=info msg="Registered route: GET /api/v1/health/"
time="2025-06-07T23:56:38+05:30" level=info msg="Registered route: GET /api/instances"
time="2025-06-07T23:56:38+05:30" level=info msg="Registered route: GET /api/instances/:id"
time="2025-06-07T23:56:38+05:30" level=info msg="Registered route: GET /api/instances/:id/stats"
time="2025-06-07T23:56:38+05:30" level=info msg="Registered route: GET /api/users/me"
time="2025-06-07T23:56:38+05:30" level=info msg="Registered route: GET /health"
time="2025-06-07T23:56:38+05:30" level=info msg="Registered route: DELETE /api/v1/instances/:id"
time="2025-06-07T23:56:38+05:30" level=info msg="Registered route: DELETE /api/v1/instances/:id/"
time="2025-06-07T23:56:38+05:30" level=info msg="Registered route: DELETE /api/instances/:id"
time="2025-06-07T23:56:38+05:30" level=info msg="Registered route: PUT /api/v1/users/me"
time="2025-06-07T23:56:38+05:30" level=info msg="Registered route: PUT /api/v1/users/me/"
time="2025-06-07T23:56:38+05:30" level=info msg="Registered route: PUT /api/users/me"
time="2025-06-07T23:56:38+05:30" level=info msg="Starting server on port :8080..."
[GIN-debug] [WARNING] You trusted all proxies, this is NOT safe. We recommend you to set a value.
Please check https://pkg.go.dev/github.com/gin-gonic/gin#readme-don-t-trust-all-proxies for details.
[GIN-debug] Listening and serving HTTP on :8080
time="2025-06-07T23:56:43+05:30" level=info msg="Received request with Origin: https://dev.srvr.site"
[GIN] 2025/06/07 - 23:56:43 | 204 |     109.207µs |       10.1.1.50 | OPTIONS  "/api/v1/health"
time="2025-06-07T23:56:43+05:30" level=info msg="Received request with Origin: https://dev.srvr.site"
time="2025-06-07T23:56:43+05:30" level=debug msg="Using development user authentication bypass" email=dev@launchstack.io method=GET path=/api/v1/health user_id=f2814e7b-75a0-44d4-b345-e5ef5a84aab3
time="2025-06-07T23:56:43+05:30" level=info msg="Health check executed: status=ok"
[GIN] 2025/06/07 - 23:56:43 | 200 |   81.603205ms |       10.1.1.50 | GET      "/api/v1/health"
time="2025-06-07T23:56:44+05:30" level=info msg="Received request with Origin: "
time="2025-06-07T23:56:44+05:30" level=debug msg="Using development user authentication bypass" email=dev@launchstack.io method=POST path=/api/v1/instances/ user_id=f2814e7b-75a0-44d4-b345-e5ef5a84aab3
time="2025-06-07T23:56:44+05:30" level=info msg="Received request to create a new instance"
time="2025-06-07T23:56:44+05:30" level=info msg="Processing instance creation for user" plan=pro user_email=dev@launchstack.io user_id=f2814e7b-75a0-44d4-b345-e5ef5a84aab3
time="2025-06-07T23:56:44+05:30" level=info msg="Using fixed development user ID" email=dev@launchstack.io fixed_user_id=f2814e7b-75a0-44d4-b345-e5ef5a84aab3
time="2025-06-07T23:56:44+05:30" level=info msg="Received instance creation parameters" description= instance_name=test-container
time="2025-06-07T23:56:44+05:30" level=info msg="Counting instances for user" user_id=f2814e7b-75a0-44d4-b345-e5ef5a84aab3
time="2025-06-07T23:56:44+05:30" level=info msg="Successfully counted instances from database" count=0 user_id=f2814e7b-75a0-44d4-b345-e5ef5a84aab3
time="2025-06-07T23:56:44+05:30" level=info msg="Checking instance limits" current_count=0 limit=3
time="2025-06-07T23:56:44+05:30" level=info msg="Calling container manager to create instance"
time="2025-06-07T23:56:44+05:30" level=debug msg="Pulling the latest n8n image"
time="2025-06-07T23:56:46+05:30" level=debug msg="Creating Docker container" image="n8nio/n8n:latest" memory_mb=2048 network=n8n subnet=10.1.2.0/24
time="2025-06-07T23:56:46+05:30" level=info msg="Container created successfully" container_id=4f9716a3c19fe66be2b0ec6d4c19033b0132ce2bd1a5c43d719862024fb75e0a
time="2025-06-07T23:56:46+05:30" level=debug msg="Starting container" container_id=4f9716a3c19fe66be2b0ec6d4c19033b0132ce2bd1a5c43d719862024fb75e0a
time="2025-06-07T23:56:46+05:30" level=info msg="Container started successfully" container_id=4f9716a3c19fe66be2b0ec6d4c19033b0132ce2bd1a5c43d719862024fb75e0a
time="2025-06-07T23:56:46+05:30" level=info msg="Adding DNS rewrite" answer=10.1.2.2 domain=fawn-cedar.docker
time="2025-06-07T23:56:47+05:30" level=info msg="Created DNS record for container" domain=fawn-cedar.docker ip=10.1.2.2
time="2025-06-07T23:56:47+05:30" level=info msg="Instance created successfully by container manager" instance_id=00000000-0000-0000-0000-000000000000 instance_name=test-container status=running url=fawn-cedar.srvr.site
time="2025-06-07T23:56:47+05:30" level=info msg="Saving instance to database"
time="2025-06-07T23:56:47+05:30" level=info msg="Creating new instance in database" instance_id=00000000-0000-0000-0000-000000000000 name=test-container user_id=f2814e7b-75a0-44d4-b345-e5ef5a84aab3

2025/06/07 23:56:47 [32m/root/dev/LaunchStack-Backend/db/instances.go:75 [33mSLOW SQL >= 200ms
[0m[31;1m[333.245ms] [33m[rows:1][35m INSERT INTO "instances" ("user_id","name","description","status","host","port","url","cpu_limit","memory_limit","storage_limit","container_id","ip_address","created_at","updated_at","deleted_at","id") VALUES ('f2814e7b-75a0-44d4-b345-e5ef5a84aab3','test-container','','running','fawn-cedar',0,'fawn-cedar.srvr.site',2,2048,20,'4f9716a3c19fe66be2b0ec6d4c19033b0132ce2bd1a5c43d719862024fb75e0a','','2025-06-07 23:56:47.219','2025-06-07 23:56:47.219',NULL,'4f5c5995-ac31-47d5-a022-989c92ab5668') RETURNING "id"[0m
time="2025-06-07T23:56:47+05:30" level=info msg="Successfully created instance in database" instance_id=4f5c5995-ac31-47d5-a022-989c92ab5668 name=test-container status=running user_id=f2814e7b-75a0-44d4-b345-e5ef5a84aab3
time="2025-06-07T23:56:47+05:30" level=info msg="Instance saved to database" instance_id=4f5c5995-ac31-47d5-a022-989c92ab5668
time="2025-06-07T23:56:47+05:30" level=info msg="Instance creation completed successfully" instance_id=4f5c5995-ac31-47d5-a022-989c92ab5668
[GIN] 2025/06/07 - 23:56:47 | 201 |  3.144418051s |             ::1 | POST     "/api/v1/instances/"
time="2025-06-07T23:56:51+05:30" level=info msg="Received request with Origin: "
time="2025-06-07T23:56:51+05:30" level=debug msg="Using development user authentication bypass" email=dev@launchstack.io method=GET path=/api/v1/instances/4f5c5995-ac31-47d5-a022-989c92ab5668/stats user_id=f2814e7b-75a0-44d4-b345-e5ef5a84aab3
time="2025-06-07T23:56:51+05:30" level=info msg="Fetching instance by ID" instance_id=4f5c5995-ac31-47d5-a022-989c92ab5668
time="2025-06-07T23:56:51+05:30" level=info msg="Successfully fetched instance from database" instance_id=4f5c5995-ac31-47d5-a022-989c92ab5668 name=test-container status=running
time="2025-06-07T23:56:51+05:30" level=info msg="Fetching instance by ID" instance_id=4f5c5995-ac31-47d5-a022-989c92ab5668
time="2025-06-07T23:56:51+05:30" level=info msg="Successfully fetched instance from database" instance_id=4f5c5995-ac31-47d5-a022-989c92ab5668 name=test-container status=running
time="2025-06-07T23:56:51+05:30" level=debug msg="Fetching container stats" container_id=4f9716a3c19fe66be2b0ec6d4c19033b0132ce2bd1a5c43d719862024fb75e0a instance_id=4f5c5995-ac31-47d5-a022-989c92ab5668

2025/06/07 23:56:52 [32m/root/dev/LaunchStack-Backend/db/resource_usage.go:10 [33mSLOW SQL >= 200ms
[0m[31;1m[326.388ms] [33m[rows:1][35m INSERT INTO "resource_usages" ("instance_id","timestamp","cpu_usage","memory_usage","memory_limit","memory_percentage","disk_usage","network_in","network_out","created_at","updated_at","deleted_at","id") VALUES ('4f5c5995-ac31-47d5-a022-989c92ab5668','2025-06-07 23:56:52.289',0,208150528,2147483648,9.692764282226562,0,1046,126,'2025-06-07 23:56:52.371','2025-06-07 23:56:52.371',NULL,'bc6e8aa5-30b3-4099-be13-894ec1bf3582') RETURNING "id"[0m
time="2025-06-07T23:56:52+05:30" level=debug msg="Container stats collected successfully" cpu_usage="0.00%" instance_id=4f5c5995-ac31-47d5-a022-989c92ab5668 memory_usage="198.51 MB / 2048.00 MB (9.69%)"
[GIN] 2025/06/07 - 23:56:52 | 200 |  1.558810936s |             ::1 | GET      "/api/v1/instances/4f5c5995-ac31-47d5-a022-989c92ab5668/stats"
time="2025-06-07T23:56:56+05:30" level=info msg="Received request with Origin: https://dev.srvr.site"
[GIN] 2025/06/07 - 23:56:56 | 204 |     123.819µs |       10.1.1.50 | OPTIONS  "/api/v1/health"
time="2025-06-07T23:56:56+05:30" level=info msg="Received request with Origin: https://dev.srvr.site"
time="2025-06-07T23:56:56+05:30" level=debug msg="Using development user authentication bypass" email=dev@launchstack.io method=GET path=/api/v1/health user_id=f2814e7b-75a0-44d4-b345-e5ef5a84aab3
time="2025-06-07T23:56:56+05:30" level=info msg="Health check executed: status=ok"
[GIN] 2025/06/07 - 23:56:56 | 200 |   79.154419ms |       10.1.1.50 | GET      "/api/v1/health"
time="2025-06-07T23:57:01+05:30" level=info msg="Received request with Origin: "
time="2025-06-07T23:57:01+05:30" level=debug msg="Using development user authentication bypass" email=dev@launchstack.io method=DELETE path=/api/v1/instances/4f5c5995-ac31-47d5-a022-989c92ab5668 user_id=f2814e7b-75a0-44d4-b345-e5ef5a84aab3
time="2025-06-07T23:57:01+05:30" level=info msg="Fetching instance by ID" instance_id=4f5c5995-ac31-47d5-a022-989c92ab5668
time="2025-06-07T23:57:01+05:30" level=info msg="Successfully fetched instance from database" instance_id=4f5c5995-ac31-47d5-a022-989c92ab5668 name=test-container status=running
time="2025-06-07T23:57:01+05:30" level=info msg="Fetching instance by ID" instance_id=4f5c5995-ac31-47d5-a022-989c92ab5668
time="2025-06-07T23:57:01+05:30" level=info msg="Successfully fetched instance from database" instance_id=4f5c5995-ac31-47d5-a022-989c92ab5668 name=test-container status=running
time="2025-06-07T23:57:01+05:30" level=info msg="Deleting container" container_id=4f9716a3c19fe66be2b0ec6d4c19033b0132ce2bd1a5c43d719862024fb75e0a instance_id=4f5c5995-ac31-47d5-a022-989c92ab5668
time="2025-06-07T23:57:01+05:30" level=info msg="Found DNS record that will be deleted" domain=fawn-cedar.docker ip=10.1.2.2
time="2025-06-07T23:57:01+05:30" level=info msg="Attempting to delete DNS record" dns_record=fawn-cedar.docker instance_id=4f5c5995-ac31-47d5-a022-989c92ab5668 ip=10.1.2.2 subdomain=fawn-cedar
time="2025-06-07T23:57:01+05:30" level=info msg="Deleting DNS rewrite" domain=fawn-cedar.docker
time="2025-06-07T23:57:02+05:30" level=info msg="Successfully deleted DNS record via CLI" domain=fawn-cedar.docker
time="2025-06-07T23:57:02+05:30" level=info msg="Successfully deleted DNS record" dns_record=fawn-cedar.docker
time="2025-06-07T23:57:02+05:30" level=info msg="Updating instance in database" instance_id=4f5c5995-ac31-47d5-a022-989c92ab5668 name=test-container status=deleted

2025/06/07 23:57:03 [32m/root/dev/LaunchStack-Backend/db/instances.go:103 [33mSLOW SQL >= 200ms
[0m[31;1m[322.713ms] [33m[rows:1][35m UPDATE "instances" SET "user_id"='f2814e7b-75a0-44d4-b345-e5ef5a84aab3',"name"='test-container',"description"='',"status"='deleted',"host"='fawn-cedar',"port"=0,"url"='fawn-cedar.srvr.site',"cpu_limit"=2,"memory_limit"=2048,"storage_limit"=20,"container_id"='4f9716a3c19fe66be2b0ec6d4c19033b0132ce2bd1a5c43d719862024fb75e0a',"ip_address"='',"created_at"='2025-06-07 23:56:47.219',"updated_at"='2025-06-07 23:57:02.873',"deleted_at"=NULL WHERE "instances"."deleted_at" IS NULL AND "id" = '4f5c5995-ac31-47d5-a022-989c92ab5668'[0m
time="2025-06-07T23:57:03+05:30" level=info msg="Successfully updated instance in database" instance_id=4f5c5995-ac31-47d5-a022-989c92ab5668 name=test-container status=deleted
time="2025-06-07T23:57:03+05:30" level=info msg="Container deleted successfully" instance_id=4f5c5995-ac31-47d5-a022-989c92ab5668
time="2025-06-07T23:57:03+05:30" level=info msg="Deleting instance from database" instance_id=4f5c5995-ac31-47d5-a022-989c92ab5668

2025/06/07 23:57:03 [32m/root/dev/LaunchStack-Backend/db/instances.go:125 [33mSLOW SQL >= 200ms
[0m[31;1m[313.080ms] [33m[rows:1][35m UPDATE "instances" SET "deleted_at"='2025-06-07 23:57:03.19' WHERE "instances"."id" = '4f5c5995-ac31-47d5-a022-989c92ab5668' AND "instances"."deleted_at" IS NULL[0m
time="2025-06-07T23:57:03+05:30" level=info msg="Successfully deleted instance from database" instance_id=4f5c5995-ac31-47d5-a022-989c92ab5668
[GIN] 2025/06/07 - 23:57:03 | 200 |  2.233659984s |             ::1 | DELETE   "/api/v1/instances/4f5c5995-ac31-47d5-a022-989c92ab5668"
time="2025-06-07T23:57:13+05:30" level=info msg="Received request with Origin: https://dev.srvr.site"
[GIN] 2025/06/07 - 23:57:13 | 204 |      82.742µs |       10.1.1.50 | OPTIONS  "/api/v1/health"
time="2025-06-07T23:57:13+05:30" level=info msg="Received request with Origin: https://dev.srvr.site"
time="2025-06-07T23:57:13+05:30" level=debug msg="Using development user authentication bypass" email=dev@launchstack.io method=GET path=/api/v1/health user_id=f2814e7b-75a0-44d4-b345-e5ef5a84aab3
time="2025-06-07T23:57:13+05:30" level=info msg="Health check executed: status=ok"
[GIN] 2025/06/07 - 23:57:13 | 200 |   80.884306ms |       10.1.1.50 | GET      "/api/v1/health"
time="2025-06-07T23:57:26+05:30" level=info msg="Received request with Origin: https://dev.srvr.site"
[GIN] 2025/06/07 - 23:57:26 | 204 |      63.025µs |       10.1.1.50 | OPTIONS  "/api/v1/health"
time="2025-06-07T23:57:26+05:30" level=info msg="Received request with Origin: https://dev.srvr.site"
time="2025-06-07T23:57:26+05:30" level=debug msg="Using development user authentication bypass" email=dev@launchstack.io method=GET path=/api/v1/health user_id=f2814e7b-75a0-44d4-b345-e5ef5a84aab3
time="2025-06-07T23:57:26+05:30" level=info msg="Health check executed: status=ok"
[GIN] 2025/06/07 - 23:57:26 | 200 |   80.331648ms |       10.1.1.50 | GET      "/api/v1/health"
time="2025-06-07T23:57:43+05:30" level=info msg="Received request with Origin: https://dev.srvr.site"
[GIN] 2025/06/07 - 23:57:43 | 204 |     113.492µs |       10.1.1.50 | OPTIONS  "/api/v1/health"
time="2025-06-07T23:57:43+05:30" level=info msg="Received request with Origin: https://dev.srvr.site"
time="2025-06-07T23:57:43+05:30" level=debug msg="Using development user authentication bypass" email=dev@launchstack.io method=GET path=/api/v1/health user_id=f2814e7b-75a0-44d4-b345-e5ef5a84aab3
time="2025-06-07T23:57:43+05:30" level=info msg="Health check executed: status=ok"
[GIN] 2025/06/07 - 23:57:43 | 200 |   82.010101ms |       10.1.1.50 | GET      "/api/v1/health"
time="2025-06-07T23:57:56+05:30" level=info msg="Received request with Origin: https://dev.srvr.site"
[GIN] 2025/06/07 - 23:57:56 | 204 |      52.262µs |       10.1.1.50 | OPTIONS  "/api/v1/health"
time="2025-06-07T23:57:56+05:30" level=info msg="Received request with Origin: https://dev.srvr.site"
time="2025-06-07T23:57:56+05:30" level=debug msg="Using development user authentication bypass" email=dev@launchstack.io method=GET path=/api/v1/health user_id=f2814e7b-75a0-44d4-b345-e5ef5a84aab3
time="2025-06-07T23:57:56+05:30" level=info msg="Health check executed: status=ok"
[GIN] 2025/06/07 - 23:57:56 | 200 |   76.862749ms |       10.1.1.50 | GET      "/api/v1/health"
time="2025-06-07T23:58:13+05:30" level=info msg="Received request with Origin: https://dev.srvr.site"
[GIN] 2025/06/07 - 23:58:13 | 204 |     114.283µs |       10.1.1.50 | OPTIONS  "/api/v1/health"
time="2025-06-07T23:58:13+05:30" level=info msg="Received request with Origin: https://dev.srvr.site"
time="2025-06-07T23:58:13+05:30" level=debug msg="Using development user authentication bypass" email=dev@launchstack.io method=GET path=/api/v1/health user_id=f2814e7b-75a0-44d4-b345-e5ef5a84aab3
time="2025-06-07T23:58:13+05:30" level=info msg="Health check executed: status=ok"
[GIN] 2025/06/07 - 23:58:13 | 200 |   81.231384ms |       10.1.1.50 | GET      "/api/v1/health"
signal: killed
